<?xml version="1.0" encoding="UTF-8"?>
<testng-results skipped="0" failed="0" ignored="0" total="1" passed="1">
  <reporter-output>
  </reporter-output>
  <suite name="Default suite" duration-ms="2979" started-at="2018-10-05T03:15:10Z" finished-at="2018-10-05T03:15:13Z">
    <groups>
    </groups>
    <test name="Default test" duration-ms="2979" started-at="2018-10-05T03:15:10Z" finished-at="2018-10-05T03:15:13Z">
      <class name="com.SampleScript.PostScript">
        <test-method status="PASS" signature="loadPropertiesFile()[pri:0, instance:com.SampleScript.PostScript@13805618]" name="loadPropertiesFile" is-config="true" duration-ms="16" started-at="2018-10-05T03:15:10Z" finished-at="2018-10-05T03:15:10Z">
          <reporter-output>
          </reporter-output>
        </test-method> <!-- loadPropertiesFile -->
        <test-method status="PASS" signature="vlidatepost()[pri:0, instance:com.SampleScript.PostScript@13805618]" name="vlidatepost" duration-ms="2932" started-at="2018-10-05T03:15:10Z" finished-at="2018-10-05T03:15:13Z">
          <reporter-output>
          </reporter-output>
        </test-method> <!-- vlidatepost -->
      </class> <!-- com.SampleScript.PostScript -->
    </test> <!-- Default test -->
  </suite> <!-- Default suite -->
</testng-results>
